  Generate moc_predefs.h
   Qt/MSBuild: 3.3.1.1
   Qt: 6.5.3
  chooselevelscene.cpp
  main.cpp
  mainscene.cpp
  mypushbutton.cpp
  playscene.cpp
  qrc_res.cpp
D:\Project\Mygithub\QT_Study\Project_Heima\QT从入门到实战完整版资料\day4资料\Code\CoinFlip\Debug\qrc_res.cpp(1,1): warning C4828: 文件包含在偏移 0x19b 处开始的字符，该字符在当前源字符集中无效(代码页 65001)。
D:\Project\Mygithub\QT_Study\Project_Heima\QT从入门到实战完整版资料\day4资料\Code\CoinFlip\Debug\qrc_res.cpp(1,1): warning C4828: 文件包含在偏移 0x19c 处开始的字符，该字符在当前源字符集中无效(代码页 65001)。
D:\Project\Mygithub\QT_Study\Project_Heima\QT从入门到实战完整版资料\day4资料\Code\CoinFlip\Debug\qrc_res.cpp(1,1): warning C4828: 文件包含在偏移 0x19e 处开始的字符，该字符在当前源字符集中无效(代码页 65001)。
D:\Project\Mygithub\QT_Study\Project_Heima\QT从入门到实战完整版资料\day4资料\Code\CoinFlip\Debug\qrc_res.cpp(1,1): warning C4828: 文件包含在偏移 0x1a1 处开始的字符，该字符在当前源字符集中无效(代码页 65001)。
D:\Project\Mygithub\QT_Study\Project_Heima\QT从入门到实战完整版资料\day4资料\Code\CoinFlip\Debug\qrc_res.cpp(1,1): warning C4828: 文件包含在偏移 0x1a2 处开始的字符，该字符在当前源字符集中无效(代码页 65001)。
D:\Project\Mygithub\QT_Study\Project_Heima\QT从入门到实战完整版资料\day4资料\Code\CoinFlip\Debug\qrc_res.cpp(1,1): warning C4828: 文件包含在偏移 0x1a7 处开始的字符，该字符在当前源字符集中无效(代码页 65001)。
D:\Project\Mygithub\QT_Study\Project_Heima\QT从入门到实战完整版资料\day4资料\Code\CoinFlip\Debug\qrc_res.cpp(1,1): warning C4828: 文件包含在偏移 0x1a9 处开始的字符，该字符在当前源字符集中无效(代码页 65001)。
D:\Project\Mygithub\QT_Study\Project_Heima\QT从入门到实战完整版资料\day4资料\Code\CoinFlip\Debug\qrc_res.cpp(1,1): warning C4828: 文件包含在偏移 0x1ab 处开始的字符，该字符在当前源字符集中无效(代码页 65001)。
D:\Project\Mygithub\QT_Study\Project_Heima\QT从入门到实战完整版资料\day4资料\Code\CoinFlip\Debug\qrc_res.cpp(1,1): warning C4828: 文件包含在偏移 0x1ac 处开始的字符，该字符在当前源字符集中无效(代码页 65001)。
D:\Project\Mygithub\QT_Study\Project_Heima\QT从入门到实战完整版资料\day4资料\Code\CoinFlip\Debug\qrc_res.cpp(1,1): warning C4828: 文件包含在偏移 0x1af 处开始的字符，该字符在当前源字符集中无效(代码页 65001)。
D:\Project\Mygithub\QT_Study\Project_Heima\QT从入门到实战完整版资料\day4资料\Code\CoinFlip\Debug\qrc_res.cpp(1,1): warning C4828: 文件包含在偏移 0x1b0 处开始的字符，该字符在当前源字符集中无效(代码页 65001)。
D:\Project\Mygithub\QT_Study\Project_Heima\QT从入门到实战完整版资料\day4资料\Code\CoinFlip\Debug\qrc_res.cpp(1,1): warning C4828: 文件包含在偏移 0x1b6 处开始的字符，该字符在当前源字符集中无效(代码页 65001)。
D:\Project\Mygithub\QT_Study\Project_Heima\QT从入门到实战完整版资料\day4资料\Code\CoinFlip\Debug\qrc_res.cpp(1,1): warning C4828: 文件包含在偏移 0x1b8 处开始的字符，该字符在当前源字符集中无效(代码页 65001)。
D:\Project\Mygithub\QT_Study\Project_Heima\QT从入门到实战完整版资料\day4资料\Code\CoinFlip\Debug\qrc_res.cpp(1,1): warning C4828: 文件包含在偏移 0x1b9 处开始的字符，该字符在当前源字符集中无效(代码页 65001)。
D:\Project\Mygithub\QT_Study\Project_Heima\QT从入门到实战完整版资料\day4资料\Code\CoinFlip\Debug\qrc_res.cpp(21051,1): warning C4828: 文件包含在偏移 0x1ad94a 处开始的字符，该字符在当前源字符集中无效(代码页 65001)。
D:\Project\Mygithub\QT_Study\Project_Heima\QT从入门到实战完整版资料\day4资料\Code\CoinFlip\Debug\qrc_res.cpp(21051,1): warning C4828: 文件包含在偏移 0x1ad94b 处开始的字符，该字符在当前源字符集中无效(代码页 65001)。
D:\Project\Mygithub\QT_Study\Project_Heima\QT从入门到实战完整版资料\day4资料\Code\CoinFlip\Debug\qrc_res.cpp(21051,1): warning C4828: 文件包含在偏移 0x1ad94d 处开始的字符，该字符在当前源字符集中无效(代码页 65001)。
D:\Project\Mygithub\QT_Study\Project_Heima\QT从入门到实战完整版资料\day4资料\Code\CoinFlip\Debug\qrc_res.cpp(21051,1): warning C4828: 文件包含在偏移 0x1ad950 处开始的字符，该字符在当前源字符集中无效(代码页 65001)。
D:\Project\Mygithub\QT_Study\Project_Heima\QT从入门到实战完整版资料\day4资料\Code\CoinFlip\Debug\qrc_res.cpp(21051,1): warning C4828: 文件包含在偏移 0x1ad951 处开始的字符，该字符在当前源字符集中无效(代码页 65001)。
D:\Project\Mygithub\QT_Study\Project_Heima\QT从入门到实战完整版资料\day4资料\Code\CoinFlip\Debug\qrc_res.cpp(21051,1): warning C4828: 文件包含在偏移 0x1ad956 处开始的字符，该字符在当前源字符集中无效(代码页 65001)。
D:\Project\Mygithub\QT_Study\Project_Heima\QT从入门到实战完整版资料\day4资料\Code\CoinFlip\Debug\qrc_res.cpp(21051,1): warning C4828: 文件包含在偏移 0x1ad958 处开始的字符，该字符在当前源字符集中无效(代码页 65001)。
D:\Project\Mygithub\QT_Study\Project_Heima\QT从入门到实战完整版资料\day4资料\Code\CoinFlip\Debug\qrc_res.cpp(21051,1): warning C4828: 文件包含在偏移 0x1ad95a 处开始的字符，该字符在当前源字符集中无效(代码页 65001)。
D:\Project\Mygithub\QT_Study\Project_Heima\QT从入门到实战完整版资料\day4资料\Code\CoinFlip\Debug\qrc_res.cpp(21051,1): warning C4828: 文件包含在偏移 0x1ad95b 处开始的字符，该字符在当前源字符集中无效(代码页 65001)。
D:\Project\Mygithub\QT_Study\Project_Heima\QT从入门到实战完整版资料\day4资料\Code\CoinFlip\Debug\qrc_res.cpp(21051,1): warning C4828: 文件包含在偏移 0x1ad95e 处开始的字符，该字符在当前源字符集中无效(代码页 65001)。
D:\Project\Mygithub\QT_Study\Project_Heima\QT从入门到实战完整版资料\day4资料\Code\CoinFlip\Debug\qrc_res.cpp(21051,1): warning C4828: 文件包含在偏移 0x1ad95f 处开始的字符，该字符在当前源字符集中无效(代码页 65001)。
D:\Project\Mygithub\QT_Study\Project_Heima\QT从入门到实战完整版资料\day4资料\Code\CoinFlip\Debug\qrc_res.cpp(21051,1): warning C4828: 文件包含在偏移 0x1ad965 处开始的字符，该字符在当前源字符集中无效(代码页 65001)。
D:\Project\Mygithub\QT_Study\Project_Heima\QT从入门到实战完整版资料\day4资料\Code\CoinFlip\Debug\qrc_res.cpp(21051,1): warning C4828: 文件包含在偏移 0x1ad967 处开始的字符，该字符在当前源字符集中无效(代码页 65001)。
D:\Project\Mygithub\QT_Study\Project_Heima\QT从入门到实战完整版资料\day4资料\Code\CoinFlip\Debug\qrc_res.cpp(21051,1): warning C4828: 文件包含在偏移 0x1ad968 处开始的字符，该字符在当前源字符集中无效(代码页 65001)。
D:\Project\Mygithub\QT_Study\Project_Heima\QT从入门到实战完整版资料\day4资料\Code\CoinFlip\Debug\qrc_res.cpp(22427,1): warning C4828: 文件包含在偏移 0x1c996d 处开始的字符，该字符在当前源字符集中无效(代码页 65001)。
D:\Project\Mygithub\QT_Study\Project_Heima\QT从入门到实战完整版资料\day4资料\Code\CoinFlip\Debug\qrc_res.cpp(22427,1): warning C4828: 文件包含在偏移 0x1c996e 处开始的字符，该字符在当前源字符集中无效(代码页 65001)。
D:\Project\Mygithub\QT_Study\Project_Heima\QT从入门到实战完整版资料\day4资料\Code\CoinFlip\Debug\qrc_res.cpp(22427,1): warning C4828: 文件包含在偏移 0x1c9970 处开始的字符，该字符在当前源字符集中无效(代码页 65001)。
D:\Project\Mygithub\QT_Study\Project_Heima\QT从入门到实战完整版资料\day4资料\Code\CoinFlip\Debug\qrc_res.cpp(22427,1): warning C4828: 文件包含在偏移 0x1c9973 处开始的字符，该字符在当前源字符集中无效(代码页 65001)。
D:\Project\Mygithub\QT_Study\Project_Heima\QT从入门到实战完整版资料\day4资料\Code\CoinFlip\Debug\qrc_res.cpp(22427,1): warning C4828: 文件包含在偏移 0x1c9974 处开始的字符，该字符在当前源字符集中无效(代码页 65001)。
D:\Project\Mygithub\QT_Study\Project_Heima\QT从入门到实战完整版资料\day4资料\Code\CoinFlip\Debug\qrc_res.cpp(22427,1): warning C4828: 文件包含在偏移 0x1c9979 处开始的字符，该字符在当前源字符集中无效(代码页 65001)。
D:\Project\Mygithub\QT_Study\Project_Heima\QT从入门到实战完整版资料\day4资料\Code\CoinFlip\Debug\qrc_res.cpp(22427,1): warning C4828: 文件包含在偏移 0x1c997b 处开始的字符，该字符在当前源字符集中无效(代码页 65001)。
D:\Project\Mygithub\QT_Study\Project_Heima\QT从入门到实战完整版资料\day4资料\Code\CoinFlip\Debug\qrc_res.cpp(22427,1): warning C4828: 文件包含在偏移 0x1c997d 处开始的字符，该字符在当前源字符集中无效(代码页 65001)。
D:\Project\Mygithub\QT_Study\Project_Heima\QT从入门到实战完整版资料\day4资料\Code\CoinFlip\Debug\qrc_res.cpp(22427,1): warning C4828: 文件包含在偏移 0x1c997e 处开始的字符，该字符在当前源字符集中无效(代码页 65001)。
D:\Project\Mygithub\QT_Study\Project_Heima\QT从入门到实战完整版资料\day4资料\Code\CoinFlip\Debug\qrc_res.cpp(22427,1): warning C4828: 文件包含在偏移 0x1c9981 处开始的字符，该字符在当前源字符集中无效(代码页 65001)。
D:\Project\Mygithub\QT_Study\Project_Heima\QT从入门到实战完整版资料\day4资料\Code\CoinFlip\Debug\qrc_res.cpp(22427,1): warning C4828: 文件包含在偏移 0x1c9982 处开始的字符，该字符在当前源字符集中无效(代码页 65001)。
D:\Project\Mygithub\QT_Study\Project_Heima\QT从入门到实战完整版资料\day4资料\Code\CoinFlip\Debug\qrc_res.cpp(22427,1): warning C4828: 文件包含在偏移 0x1c9988 处开始的字符，该字符在当前源字符集中无效(代码页 65001)。
D:\Project\Mygithub\QT_Study\Project_Heima\QT从入门到实战完整版资料\day4资料\Code\CoinFlip\Debug\qrc_res.cpp(22427,1): warning C4828: 文件包含在偏移 0x1c998a 处开始的字符，该字符在当前源字符集中无效(代码页 65001)。
D:\Project\Mygithub\QT_Study\Project_Heima\QT从入门到实战完整版资料\day4资料\Code\CoinFlip\Debug\qrc_res.cpp(22427,1): warning C4828: 文件包含在偏移 0x1c998b 处开始的字符，该字符在当前源字符集中无效(代码页 65001)。
D:\Project\Mygithub\QT_Study\Project_Heima\QT从入门到实战完整版资料\day4资料\Code\CoinFlip\Debug\qrc_res.cpp(23803,1): warning C4828: 文件包含在偏移 0x1e5a72 处开始的字符，该字符在当前源字符集中无效(代码页 65001)。
D:\Project\Mygithub\QT_Study\Project_Heima\QT从入门到实战完整版资料\day4资料\Code\CoinFlip\Debug\qrc_res.cpp(23803,1): warning C4828: 文件包含在偏移 0x1e5a73 处开始的字符，该字符在当前源字符集中无效(代码页 65001)。
D:\Project\Mygithub\QT_Study\Project_Heima\QT从入门到实战完整版资料\day4资料\Code\CoinFlip\Debug\qrc_res.cpp(23803,1): warning C4828: 文件包含在偏移 0x1e5a75 处开始的字符，该字符在当前源字符集中无效(代码页 65001)。
D:\Project\Mygithub\QT_Study\Project_Heima\QT从入门到实战完整版资料\day4资料\Code\CoinFlip\Debug\qrc_res.cpp(23803,1): warning C4828: 文件包含在偏移 0x1e5a78 处开始的字符，该字符在当前源字符集中无效(代码页 65001)。
D:\Project\Mygithub\QT_Study\Project_Heima\QT从入门到实战完整版资料\day4资料\Code\CoinFlip\Debug\qrc_res.cpp(23803,1): warning C4828: 文件包含在偏移 0x1e5a79 处开始的字符，该字符在当前源字符集中无效(代码页 65001)。
D:\Project\Mygithub\QT_Study\Project_Heima\QT从入门到实战完整版资料\day4资料\Code\CoinFlip\Debug\qrc_res.cpp(23803,1): warning C4828: 文件包含在偏移 0x1e5a7e 处开始的字符，该字符在当前源字符集中无效(代码页 65001)。
D:\Project\Mygithub\QT_Study\Project_Heima\QT从入门到实战完整版资料\day4资料\Code\CoinFlip\Debug\qrc_res.cpp(23803,1): warning C4828: 文件包含在偏移 0x1e5a80 处开始的字符，该字符在当前源字符集中无效(代码页 65001)。
D:\Project\Mygithub\QT_Study\Project_Heima\QT从入门到实战完整版资料\day4资料\Code\CoinFlip\Debug\qrc_res.cpp(23803,1): warning C4828: 文件包含在偏移 0x1e5a82 处开始的字符，该字符在当前源字符集中无效(代码页 65001)。
D:\Project\Mygithub\QT_Study\Project_Heima\QT从入门到实战完整版资料\day4资料\Code\CoinFlip\Debug\qrc_res.cpp(23803,1): warning C4828: 文件包含在偏移 0x1e5a83 处开始的字符，该字符在当前源字符集中无效(代码页 65001)。
D:\Project\Mygithub\QT_Study\Project_Heima\QT从入门到实战完整版资料\day4资料\Code\CoinFlip\Debug\qrc_res.cpp(23803,1): warning C4828: 文件包含在偏移 0x1e5a86 处开始的字符，该字符在当前源字符集中无效(代码页 65001)。
D:\Project\Mygithub\QT_Study\Project_Heima\QT从入门到实战完整版资料\day4资料\Code\CoinFlip\Debug\qrc_res.cpp(23803,1): warning C4828: 文件包含在偏移 0x1e5a87 处开始的字符，该字符在当前源字符集中无效(代码页 65001)。
D:\Project\Mygithub\QT_Study\Project_Heima\QT从入门到实战完整版资料\day4资料\Code\CoinFlip\Debug\qrc_res.cpp(23803,1): warning C4828: 文件包含在偏移 0x1e5a8d 处开始的字符，该字符在当前源字符集中无效(代码页 65001)。
D:\Project\Mygithub\QT_Study\Project_Heima\QT从入门到实战完整版资料\day4资料\Code\CoinFlip\Debug\qrc_res.cpp(23803,1): warning C4828: 文件包含在偏移 0x1e5a8f 处开始的字符，该字符在当前源字符集中无效(代码页 65001)。
D:\Project\Mygithub\QT_Study\Project_Heima\QT从入门到实战完整版资料\day4资料\Code\CoinFlip\Debug\qrc_res.cpp(23803,1): warning C4828: 文件包含在偏移 0x1e5a90 处开始的字符，该字符在当前源字符集中无效(代码页 65001)。
D:\Project\Mygithub\QT_Study\Project_Heima\QT从入门到实战完整版资料\day4资料\Code\CoinFlip\Debug\qrc_res.cpp(25178,1): warning C4828: 文件包含在偏移 0x20288a 处开始的字符，该字符在当前源字符集中无效(代码页 65001)。
D:\Project\Mygithub\QT_Study\Project_Heima\QT从入门到实战完整版资料\day4资料\Code\CoinFlip\Debug\qrc_res.cpp(25178,1): warning C4828: 文件包含在偏移 0x20288b 处开始的字符，该字符在当前源字符集中无效(代码页 65001)。
D:\Project\Mygithub\QT_Study\Project_Heima\QT从入门到实战完整版资料\day4资料\Code\CoinFlip\Debug\qrc_res.cpp(25178,1): warning C4828: 文件包含在偏移 0x20288d 处开始的字符，该字符在当前源字符集中无效(代码页 65001)。
D:\Project\Mygithub\QT_Study\Project_Heima\QT从入门到实战完整版资料\day4资料\Code\CoinFlip\Debug\qrc_res.cpp(25178,1): warning C4828: 文件包含在偏移 0x202890 处开始的字符，该字符在当前源字符集中无效(代码页 65001)。
D:\Project\Mygithub\QT_Study\Project_Heima\QT从入门到实战完整版资料\day4资料\Code\CoinFlip\Debug\qrc_res.cpp(25178,1): warning C4828: 文件包含在偏移 0x202891 处开始的字符，该字符在当前源字符集中无效(代码页 65001)。
D:\Project\Mygithub\QT_Study\Project_Heima\QT从入门到实战完整版资料\day4资料\Code\CoinFlip\Debug\qrc_res.cpp(25178,1): warning C4828: 文件包含在偏移 0x202896 处开始的字符，该字符在当前源字符集中无效(代码页 65001)。
D:\Project\Mygithub\QT_Study\Project_Heima\QT从入门到实战完整版资料\day4资料\Code\CoinFlip\Debug\qrc_res.cpp(25178,1): warning C4828: 文件包含在偏移 0x202898 处开始的字符，该字符在当前源字符集中无效(代码页 65001)。
D:\Project\Mygithub\QT_Study\Project_Heima\QT从入门到实战完整版资料\day4资料\Code\CoinFlip\Debug\qrc_res.cpp(25178,1): warning C4828: 文件包含在偏移 0x20289a 处开始的字符，该字符在当前源字符集中无效(代码页 65001)。
D:\Project\Mygithub\QT_Study\Project_Heima\QT从入门到实战完整版资料\day4资料\Code\CoinFlip\Debug\qrc_res.cpp(25178,1): warning C4828: 文件包含在偏移 0x20289b 处开始的字符，该字符在当前源字符集中无效(代码页 65001)。
D:\Project\Mygithub\QT_Study\Project_Heima\QT从入门到实战完整版资料\day4资料\Code\CoinFlip\Debug\qrc_res.cpp(25178,1): warning C4828: 文件包含在偏移 0x20289e 处开始的字符，该字符在当前源字符集中无效(代码页 65001)。
D:\Project\Mygithub\QT_Study\Project_Heima\QT从入门到实战完整版资料\day4资料\Code\CoinFlip\Debug\qrc_res.cpp(25178,1): warning C4828: 文件包含在偏移 0x20289f 处开始的字符，该字符在当前源字符集中无效(代码页 65001)。
D:\Project\Mygithub\QT_Study\Project_Heima\QT从入门到实战完整版资料\day4资料\Code\CoinFlip\Debug\qrc_res.cpp(25178,1): warning C4828: 文件包含在偏移 0x2028a5 处开始的字符，该字符在当前源字符集中无效(代码页 65001)。
D:\Project\Mygithub\QT_Study\Project_Heima\QT从入门到实战完整版资料\day4资料\Code\CoinFlip\Debug\qrc_res.cpp(25178,1): warning C4828: 文件包含在偏移 0x2028a7 处开始的字符，该字符在当前源字符集中无效(代码页 65001)。
D:\Project\Mygithub\QT_Study\Project_Heima\QT从入门到实战完整版资料\day4资料\Code\CoinFlip\Debug\qrc_res.cpp(25178,1): warning C4828: 文件包含在偏移 0x2028a8 处开始的字符，该字符在当前源字符集中无效(代码页 65001)。
D:\Project\Mygithub\QT_Study\Project_Heima\QT从入门到实战完整版资料\day4资料\Code\CoinFlip\Debug\qrc_res.cpp(37842,1): warning C4828: 文件包含在偏移 0x2f7630 处开始的字符，该字符在当前源字符集中无效(代码页 65001)。
D:\Project\Mygithub\QT_Study\Project_Heima\QT从入门到实战完整版资料\day4资料\Code\CoinFlip\Debug\qrc_res.cpp(37842,1): warning C4828: 文件包含在偏移 0x2f7631 处开始的字符，该字符在当前源字符集中无效(代码页 65001)。
D:\Project\Mygithub\QT_Study\Project_Heima\QT从入门到实战完整版资料\day4资料\Code\CoinFlip\Debug\qrc_res.cpp(37842,1): warning C4828: 文件包含在偏移 0x2f7633 处开始的字符，该字符在当前源字符集中无效(代码页 65001)。
D:\Project\Mygithub\QT_Study\Project_Heima\QT从入门到实战完整版资料\day4资料\Code\CoinFlip\Debug\qrc_res.cpp(37842,1): warning C4828: 文件包含在偏移 0x2f7636 处开始的字符，该字符在当前源字符集中无效(代码页 65001)。
D:\Project\Mygithub\QT_Study\Project_Heima\QT从入门到实战完整版资料\day4资料\Code\CoinFlip\Debug\qrc_res.cpp(37842,1): warning C4828: 文件包含在偏移 0x2f7637 处开始的字符，该字符在当前源字符集中无效(代码页 65001)。
D:\Project\Mygithub\QT_Study\Project_Heima\QT从入门到实战完整版资料\day4资料\Code\CoinFlip\Debug\qrc_res.cpp(37842,1): warning C4828: 文件包含在偏移 0x2f763c 处开始的字符，该字符在当前源字符集中无效(代码页 65001)。
D:\Project\Mygithub\QT_Study\Project_Heima\QT从入门到实战完整版资料\day4资料\Code\CoinFlip\Debug\qrc_res.cpp(37842,1): warning C4828: 文件包含在偏移 0x2f763e 处开始的字符，该字符在当前源字符集中无效(代码页 65001)。
D:\Project\Mygithub\QT_Study\Project_Heima\QT从入门到实战完整版资料\day4资料\Code\CoinFlip\Debug\qrc_res.cpp(37842,1): warning C4828: 文件包含在偏移 0x2f7640 处开始的字符，该字符在当前源字符集中无效(代码页 65001)。
D:\Project\Mygithub\QT_Study\Project_Heima\QT从入门到实战完整版资料\day4资料\Code\CoinFlip\Debug\qrc_res.cpp(37842,1): warning C4828: 文件包含在偏移 0x2f7641 处开始的字符，该字符在当前源字符集中无效(代码页 65001)。
D:\Project\Mygithub\QT_Study\Project_Heima\QT从入门到实战完整版资料\day4资料\Code\CoinFlip\Debug\qrc_res.cpp(37842,1): warning C4828: 文件包含在偏移 0x2f7644 处开始的字符，该字符在当前源字符集中无效(代码页 65001)。
D:\Project\Mygithub\QT_Study\Project_Heima\QT从入门到实战完整版资料\day4资料\Code\CoinFlip\Debug\qrc_res.cpp(37842,1): warning C4828: 文件包含在偏移 0x2f7645 处开始的字符，该字符在当前源字符集中无效(代码页 65001)。
D:\Project\Mygithub\QT_Study\Project_Heima\QT从入门到实战完整版资料\day4资料\Code\CoinFlip\Debug\qrc_res.cpp(37842,1): warning C4828: 文件包含在偏移 0x2f764b 处开始的字符，该字符在当前源字符集中无效(代码页 65001)。
D:\Project\Mygithub\QT_Study\Project_Heima\QT从入门到实战完整版资料\day4资料\Code\CoinFlip\Debug\qrc_res.cpp(37842,1): warning C4828: 文件包含在偏移 0x2f764d 处开始的字符，该字符在当前源字符集中无效(代码页 65001)。
D:\Project\Mygithub\QT_Study\Project_Heima\QT从入门到实战完整版资料\day4资料\Code\CoinFlip\Debug\qrc_res.cpp(37842,1): warning C4828: 文件包含在偏移 0x2f764e 处开始的字符，该字符在当前源字符集中无效(代码页 65001)。
D:\Project\Mygithub\QT_Study\Project_Heima\QT从入门到实战完整版资料\day4资料\Code\CoinFlip\Debug\qrc_res.cpp(38207,1): warning C4828: 文件包含在偏移 0x2fd5cc 处开始的字符，该字符在当前源字符集中无效(代码页 65001)。
D:\Project\Mygithub\QT_Study\Project_Heima\QT从入门到实战完整版资料\day4资料\Code\CoinFlip\Debug\qrc_res.cpp(38207,1): warning C4828: 文件包含在偏移 0x2fd5cd 处开始的字符，该字符在当前源字符集中无效(代码页 65001)。
D:\Project\Mygithub\QT_Study\Project_Heima\QT从入门到实战完整版资料\day4资料\Code\CoinFlip\Debug\qrc_res.cpp(38207,1): warning C4828: 文件包含在偏移 0x2fd5cf 处开始的字符，该字符在当前源字符集中无效(代码页 65001)。
D:\Project\Mygithub\QT_Study\Project_Heima\QT从入门到实战完整版资料\day4资料\Code\CoinFlip\Debug\qrc_res.cpp(38207,1): warning C4828: 文件包含在偏移 0x2fd5d2 处开始的字符，该字符在当前源字符集中无效(代码页 65001)。
D:\Project\Mygithub\QT_Study\Project_Heima\QT从入门到实战完整版资料\day4资料\Code\CoinFlip\Debug\qrc_res.cpp(38207,1): warning C4828: 文件包含在偏移 0x2fd5d3 处开始的字符，该字符在当前源字符集中无效(代码页 65001)。
D:\Project\Mygithub\QT_Study\Project_Heima\QT从入门到实战完整版资料\day4资料\Code\CoinFlip\Debug\qrc_res.cpp(38207,1): warning C4828: 文件包含在偏移 0x2fd5d8 处开始的字符，该字符在当前源字符集中无效(代码页 65001)。
D:\Project\Mygithub\QT_Study\Project_Heima\QT从入门到实战完整版资料\day4资料\Code\CoinFlip\Debug\qrc_res.cpp(38207,1): warning C4828: 文件包含在偏移 0x2fd5da 处开始的字符，该字符在当前源字符集中无效(代码页 65001)。
D:\Project\Mygithub\QT_Study\Project_Heima\QT从入门到实战完整版资料\day4资料\Code\CoinFlip\Debug\qrc_res.cpp(38207,1): warning C4828: 文件包含在偏移 0x2fd5dc 处开始的字符，该字符在当前源字符集中无效(代码页 65001)。
D:\Project\Mygithub\QT_Study\Project_Heima\QT从入门到实战完整版资料\day4资料\Code\CoinFlip\Debug\qrc_res.cpp(38207,1): warning C4828: 文件包含在偏移 0x2fd5dd 处开始的字符，该字符在当前源字符集中无效(代码页 65001)。
D:\Project\Mygithub\QT_Study\Project_Heima\QT从入门到实战完整版资料\day4资料\Code\CoinFlip\Debug\qrc_res.cpp(38207,1): warning C4828: 文件包含在偏移 0x2fd5e0 处开始的字符，该字符在当前源字符集中无效(代码页 65001)。
D:\Project\Mygithub\QT_Study\Project_Heima\QT从入门到实战完整版资料\day4资料\Code\CoinFlip\Debug\qrc_res.cpp(38207,1): warning C4828: 文件包含在偏移 0x2fd5e1 处开始的字符，该字符在当前源字符集中无效(代码页 65001)。
D:\Project\Mygithub\QT_Study\Project_Heima\QT从入门到实战完整版资料\day4资料\Code\CoinFlip\Debug\qrc_res.cpp(38207,1): warning C4828: 文件包含在偏移 0x2fd5e7 处开始的字符，该字符在当前源字符集中无效(代码页 65001)。
D:\Project\Mygithub\QT_Study\Project_Heima\QT从入门到实战完整版资料\day4资料\Code\CoinFlip\Debug\qrc_res.cpp(38207,1): warning C4828: 文件包含在偏移 0x2fd5e9 处开始的字符，该字符在当前源字符集中无效(代码页 65001)。
D:\Project\Mygithub\QT_Study\Project_Heima\QT从入门到实战完整版资料\day4资料\Code\CoinFlip\Debug\qrc_res.cpp(38207,1): warning C4828: 文件包含在偏移 0x2fd5ea 处开始的字符，该字符在当前源字符集中无效(代码页 65001)。
D:\Project\Mygithub\QT_Study\Project_Heima\QT从入门到实战完整版资料\day4资料\Code\CoinFlip\Debug\qrc_res.cpp(41998,1): warning C4828: 文件包含在偏移 0x34c2f1 处开始的字符，该字符在当前源字符集中无效(代码页 65001)。
D:\Project\Mygithub\QT_Study\Project_Heima\QT从入门到实战完整版资料\day4资料\Code\CoinFlip\Debug\qrc_res.cpp(41998,1): warning C4828: 文件包含在偏移 0x34c2f2 处开始的字符，该字符在当前源字符集中无效(代码页 65001)。
D:\Project\Mygithub\QT_Study\Project_Heima\QT从入门到实战完整版资料\day4资料\Code\CoinFlip\Debug\qrc_res.cpp(41998,1): warning C4828: 文件包含在偏移 0x34c2f4 处开始的字符，该字符在当前源字符集中无效(代码页 65001)。
D:\Project\Mygithub\QT_Study\Project_Heima\QT从入门到实战完整版资料\day4资料\Code\CoinFlip\Debug\qrc_res.cpp(41998,1): warning C4828: 文件包含在偏移 0x34c2f7 处开始的字符，该字符在当前源字符集中无效(代码页 65001)。
D:\Project\Mygithub\QT_Study\Project_Heima\QT从入门到实战完整版资料\day4资料\Code\CoinFlip\Debug\qrc_res.cpp(41998,1): warning C4828: 文件包含在偏移 0x34c2f8 处开始的字符，该字符在当前源字符集中无效(代码页 65001)。
D:\Project\Mygithub\QT_Study\Project_Heima\QT从入门到实战完整版资料\day4资料\Code\CoinFlip\Debug\qrc_res.cpp(41998,1): warning C4828: 文件包含在偏移 0x34c2fd 处开始的字符，该字符在当前源字符集中无效(代码页 65001)。
D:\Project\Mygithub\QT_Study\Project_Heima\QT从入门到实战完整版资料\day4资料\Code\CoinFlip\Debug\qrc_res.cpp(41998,1): warning C4828: 文件包含在偏移 0x34c2ff 处开始的字符，该字符在当前源字符集中无效(代码页 65001)。
D:\Project\Mygithub\QT_Study\Project_Heima\QT从入门到实战完整版资料\day4资料\Code\CoinFlip\Debug\qrc_res.cpp(41998,1): warning C4828: 文件包含在偏移 0x34c301 处开始的字符，该字符在当前源字符集中无效(代码页 65001)。
D:\Project\Mygithub\QT_Study\Project_Heima\QT从入门到实战完整版资料\day4资料\Code\CoinFlip\Debug\qrc_res.cpp(41998,1): warning C4828: 文件包含在偏移 0x34c302 处开始的字符，该字符在当前源字符集中无效(代码页 65001)。
D:\Project\Mygithub\QT_Study\Project_Heima\QT从入门到实战完整版资料\day4资料\Code\CoinFlip\Debug\qrc_res.cpp(41998,1): warning C4828: 文件包含在偏移 0x34c305 处开始的字符，该字符在当前源字符集中无效(代码页 65001)。
D:\Project\Mygithub\QT_Study\Project_Heima\QT从入门到实战完整版资料\day4资料\Code\CoinFlip\Debug\qrc_res.cpp(41998,1): warning C4828: 文件包含在偏移 0x34c306 处开始的字符，该字符在当前源字符集中无效(代码页 65001)。
D:\Project\Mygithub\QT_Study\Project_Heima\QT从入门到实战完整版资料\day4资料\Code\CoinFlip\Debug\qrc_res.cpp(41998,1): warning C4828: 文件包含在偏移 0x34c30c 处开始的字符，该字符在当前源字符集中无效(代码页 65001)。
D:\Project\Mygithub\QT_Study\Project_Heima\QT从入门到实战完整版资料\day4资料\Code\CoinFlip\Debug\qrc_res.cpp(41998,1): warning C4828: 文件包含在偏移 0x34c30e 处开始的字符，该字符在当前源字符集中无效(代码页 65001)。
D:\Project\Mygithub\QT_Study\Project_Heima\QT从入门到实战完整版资料\day4资料\Code\CoinFlip\Debug\qrc_res.cpp(41998,1): warning C4828: 文件包含在偏移 0x34c30f 处开始的字符，该字符在当前源字符集中无效(代码页 65001)。
D:\Project\Mygithub\QT_Study\Project_Heima\QT从入门到实战完整版资料\day4资料\Code\CoinFlip\Debug\qrc_res.cpp(43372,1): warning C4828: 文件包含在偏移 0x366ec8 处开始的字符，该字符在当前源字符集中无效(代码页 65001)。
D:\Project\Mygithub\QT_Study\Project_Heima\QT从入门到实战完整版资料\day4资料\Code\CoinFlip\Debug\qrc_res.cpp(43372,1): warning C4828: 文件包含在偏移 0x366ec9 处开始的字符，该字符在当前源字符集中无效(代码页 65001)。
D:\Project\Mygithub\QT_Study\Project_Heima\QT从入门到实战完整版资料\day4资料\Code\CoinFlip\Debug\qrc_res.cpp(43372,1): warning C4828: 文件包含在偏移 0x366ecb 处开始的字符，该字符在当前源字符集中无效(代码页 65001)。
D:\Project\Mygithub\QT_Study\Project_Heima\QT从入门到实战完整版资料\day4资料\Code\CoinFlip\Debug\qrc_res.cpp(43372,1): warning C4828: 文件包含在偏移 0x366ece 处开始的字符，该字符在当前源字符集中无效(代码页 65001)。
D:\Project\Mygithub\QT_Study\Project_Heima\QT从入门到实战完整版资料\day4资料\Code\CoinFlip\Debug\qrc_res.cpp(43372,1): warning C4828: 文件包含在偏移 0x366ecf 处开始的字符，该字符在当前源字符集中无效(代码页 65001)。
D:\Project\Mygithub\QT_Study\Project_Heima\QT从入门到实战完整版资料\day4资料\Code\CoinFlip\Debug\qrc_res.cpp(43372,1): warning C4828: 文件包含在偏移 0x366ed4 处开始的字符，该字符在当前源字符集中无效(代码页 65001)。
D:\Project\Mygithub\QT_Study\Project_Heima\QT从入门到实战完整版资料\day4资料\Code\CoinFlip\Debug\qrc_res.cpp(43372,1): warning C4828: 文件包含在偏移 0x366ed6 处开始的字符，该字符在当前源字符集中无效(代码页 65001)。
D:\Project\Mygithub\QT_Study\Project_Heima\QT从入门到实战完整版资料\day4资料\Code\CoinFlip\Debug\qrc_res.cpp(43372,1): warning C4828: 文件包含在偏移 0x366ed8 处开始的字符，该字符在当前源字符集中无效(代码页 65001)。
D:\Project\Mygithub\QT_Study\Project_Heima\QT从入门到实战完整版资料\day4资料\Code\CoinFlip\Debug\qrc_res.cpp(43372,1): warning C4828: 文件包含在偏移 0x366ed9 处开始的字符，该字符在当前源字符集中无效(代码页 65001)。
D:\Project\Mygithub\QT_Study\Project_Heima\QT从入门到实战完整版资料\day4资料\Code\CoinFlip\Debug\qrc_res.cpp(43372,1): warning C4828: 文件包含在偏移 0x366edc 处开始的字符，该字符在当前源字符集中无效(代码页 65001)。
D:\Project\Mygithub\QT_Study\Project_Heima\QT从入门到实战完整版资料\day4资料\Code\CoinFlip\Debug\qrc_res.cpp(43372,1): warning C4828: 文件包含在偏移 0x366edd 处开始的字符，该字符在当前源字符集中无效(代码页 65001)。
D:\Project\Mygithub\QT_Study\Project_Heima\QT从入门到实战完整版资料\day4资料\Code\CoinFlip\Debug\qrc_res.cpp(43372,1): warning C4828: 文件包含在偏移 0x366ee3 处开始的字符，该字符在当前源字符集中无效(代码页 65001)。
D:\Project\Mygithub\QT_Study\Project_Heima\QT从入门到实战完整版资料\day4资料\Code\CoinFlip\Debug\qrc_res.cpp(43372,1): warning C4828: 文件包含在偏移 0x366ee5 处开始的字符，该字符在当前源字符集中无效(代码页 65001)。
D:\Project\Mygithub\QT_Study\Project_Heima\QT从入门到实战完整版资料\day4资料\Code\CoinFlip\Debug\qrc_res.cpp(43372,1): warning C4828: 文件包含在偏移 0x366ee6 处开始的字符，该字符在当前源字符集中无效(代码页 65001)。
D:\Project\Mygithub\QT_Study\Project_Heima\QT从入门到实战完整版资料\day4资料\Code\CoinFlip\Debug\qrc_res.cpp(44748,1): warning C4828: 文件包含在偏移 0x383587 处开始的字符，该字符在当前源字符集中无效(代码页 65001)。
D:\Project\Mygithub\QT_Study\Project_Heima\QT从入门到实战完整版资料\day4资料\Code\CoinFlip\Debug\qrc_res.cpp(44748,1): warning C4828: 文件包含在偏移 0x383588 处开始的字符，该字符在当前源字符集中无效(代码页 65001)。
D:\Project\Mygithub\QT_Study\Project_Heima\QT从入门到实战完整版资料\day4资料\Code\CoinFlip\Debug\qrc_res.cpp(44748,1): warning C4828: 文件包含在偏移 0x38358a 处开始的字符，该字符在当前源字符集中无效(代码页 65001)。
D:\Project\Mygithub\QT_Study\Project_Heima\QT从入门到实战完整版资料\day4资料\Code\CoinFlip\Debug\qrc_res.cpp(44748,1): warning C4828: 文件包含在偏移 0x38358d 处开始的字符，该字符在当前源字符集中无效(代码页 65001)。
D:\Project\Mygithub\QT_Study\Project_Heima\QT从入门到实战完整版资料\day4资料\Code\CoinFlip\Debug\qrc_res.cpp(44748,1): warning C4828: 文件包含在偏移 0x38358e 处开始的字符，该字符在当前源字符集中无效(代码页 65001)。
D:\Project\Mygithub\QT_Study\Project_Heima\QT从入门到实战完整版资料\day4资料\Code\CoinFlip\Debug\qrc_res.cpp(44748,1): warning C4828: 文件包含在偏移 0x383593 处开始的字符，该字符在当前源字符集中无效(代码页 65001)。
D:\Project\Mygithub\QT_Study\Project_Heima\QT从入门到实战完整版资料\day4资料\Code\CoinFlip\Debug\qrc_res.cpp(44748,1): warning C4828: 文件包含在偏移 0x383595 处开始的字符，该字符在当前源字符集中无效(代码页 65001)。
D:\Project\Mygithub\QT_Study\Project_Heima\QT从入门到实战完整版资料\day4资料\Code\CoinFlip\Debug\qrc_res.cpp(44748,1): warning C4828: 文件包含在偏移 0x383597 处开始的字符，该字符在当前源字符集中无效(代码页 65001)。
D:\Project\Mygithub\QT_Study\Project_Heima\QT从入门到实战完整版资料\day4资料\Code\CoinFlip\Debug\qrc_res.cpp(44748,1): warning C4828: 文件包含在偏移 0x383598 处开始的字符，该字符在当前源字符集中无效(代码页 65001)。
D:\Project\Mygithub\QT_Study\Project_Heima\QT从入门到实战完整版资料\day4资料\Code\CoinFlip\Debug\qrc_res.cpp(44748,1): warning C4828: 文件包含在偏移 0x38359b 处开始的字符，该字符在当前源字符集中无效(代码页 65001)。
D:\Project\Mygithub\QT_Study\Project_Heima\QT从入门到实战完整版资料\day4资料\Code\CoinFlip\Debug\qrc_res.cpp(44748,1): warning C4828: 文件包含在偏移 0x38359c 处开始的字符，该字符在当前源字符集中无效(代码页 65001)。
D:\Project\Mygithub\QT_Study\Project_Heima\QT从入门到实战完整版资料\day4资料\Code\CoinFlip\Debug\qrc_res.cpp(44748,1): warning C4828: 文件包含在偏移 0x3835a2 处开始的字符，该字符在当前源字符集中无效(代码页 65001)。
D:\Project\Mygithub\QT_Study\Project_Heima\QT从入门到实战完整版资料\day4资料\Code\CoinFlip\Debug\qrc_res.cpp(44748,1): warning C4828: 文件包含在偏移 0x3835a4 处开始的字符，该字符在当前源字符集中无效(代码页 65001)。
D:\Project\Mygithub\QT_Study\Project_Heima\QT从入门到实战完整版资料\day4资料\Code\CoinFlip\Debug\qrc_res.cpp(44748,1): warning C4828: 文件包含在偏移 0x3835a5 处开始的字符，该字符在当前源字符集中无效(代码页 65001)。
D:\Project\Mygithub\QT_Study\Project_Heima\QT从入门到实战完整版资料\day4资料\Code\CoinFlip\Debug\qrc_res.cpp(48744,1): warning C4828: 文件包含在偏移 0x3cd30a 处开始的字符，该字符在当前源字符集中无效(代码页 65001)。
D:\Project\Mygithub\QT_Study\Project_Heima\QT从入门到实战完整版资料\day4资料\Code\CoinFlip\Debug\qrc_res.cpp(48744,1): warning C4828: 文件包含在偏移 0x3cd30b 处开始的字符，该字符在当前源字符集中无效(代码页 65001)。
D:\Project\Mygithub\QT_Study\Project_Heima\QT从入门到实战完整版资料\day4资料\Code\CoinFlip\Debug\qrc_res.cpp(48744,1): warning C4828: 文件包含在偏移 0x3cd30d 处开始的字符，该字符在当前源字符集中无效(代码页 65001)。
D:\Project\Mygithub\QT_Study\Project_Heima\QT从入门到实战完整版资料\day4资料\Code\CoinFlip\Debug\qrc_res.cpp(48744,1): warning C4828: 文件包含在偏移 0x3cd310 处开始的字符，该字符在当前源字符集中无效(代码页 65001)。
D:\Project\Mygithub\QT_Study\Project_Heima\QT从入门到实战完整版资料\day4资料\Code\CoinFlip\Debug\qrc_res.cpp(48744,1): warning C4828: 文件包含在偏移 0x3cd311 处开始的字符，该字符在当前源字符集中无效(代码页 65001)。
D:\Project\Mygithub\QT_Study\Project_Heima\QT从入门到实战完整版资料\day4资料\Code\CoinFlip\Debug\qrc_res.cpp(48744,1): warning C4828: 文件包含在偏移 0x3cd316 处开始的字符，该字符在当前源字符集中无效(代码页 65001)。
D:\Project\Mygithub\QT_Study\Project_Heima\QT从入门到实战完整版资料\day4资料\Code\CoinFlip\Debug\qrc_res.cpp(48744,1): warning C4828: 文件包含在偏移 0x3cd318 处开始的字符，该字符在当前源字符集中无效(代码页 65001)。
D:\Project\Mygithub\QT_Study\Project_Heima\QT从入门到实战完整版资料\day4资料\Code\CoinFlip\Debug\qrc_res.cpp(48744,1): warning C4828: 文件包含在偏移 0x3cd31a 处开始的字符，该字符在当前源字符集中无效(代码页 65001)。
D:\Project\Mygithub\QT_Study\Project_Heima\QT从入门到实战完整版资料\day4资料\Code\CoinFlip\Debug\qrc_res.cpp(48744,1): warning C4828: 文件包含在偏移 0x3cd31b 处开始的字符，该字符在当前源字符集中无效(代码页 65001)。
D:\Project\Mygithub\QT_Study\Project_Heima\QT从入门到实战完整版资料\day4资料\Code\CoinFlip\Debug\qrc_res.cpp(48744,1): warning C4828: 文件包含在偏移 0x3cd31e 处开始的字符，该字符在当前源字符集中无效(代码页 65001)。
D:\Project\Mygithub\QT_Study\Project_Heima\QT从入门到实战完整版资料\day4资料\Code\CoinFlip\Debug\qrc_res.cpp(48744,1): warning C4828: 文件包含在偏移 0x3cd31f 处开始的字符，该字符在当前源字符集中无效(代码页 65001)。
D:\Project\Mygithub\QT_Study\Project_Heima\QT从入门到实战完整版资料\day4资料\Code\CoinFlip\Debug\qrc_res.cpp(48744,1): warning C4828: 文件包含在偏移 0x3cd325 处开始的字符，该字符在当前源字符集中无效(代码页 65001)。
D:\Project\Mygithub\QT_Study\Project_Heima\QT从入门到实战完整版资料\day4资料\Code\CoinFlip\Debug\qrc_res.cpp(48744,1): warning C4828: 文件包含在偏移 0x3cd327 处开始的字符，该字符在当前源字符集中无效(代码页 65001)。
D:\Project\Mygithub\QT_Study\Project_Heima\QT从入门到实战完整版资料\day4资料\Code\CoinFlip\Debug\qrc_res.cpp(48744,1): warning C4828: 文件包含在偏移 0x3cd328 处开始的字符，该字符在当前源字符集中无效(代码页 65001)。
D:\Project\Mygithub\QT_Study\Project_Heima\QT从入门到实战完整版资料\day4资料\Code\CoinFlip\Debug\qrc_res.cpp(48744,1): warning C4828: 文件包含在偏移 0x3d362f 处开始的字符，该字符在当前源字符集中无效(代码页 65001)。
D:\Project\Mygithub\QT_Study\Project_Heima\QT从入门到实战完整版资料\day4资料\Code\CoinFlip\Debug\qrc_res.cpp(48744,1): warning C4828: 文件包含在偏移 0x3d3630 处开始的字符，该字符在当前源字符集中无效(代码页 65001)。
D:\Project\Mygithub\QT_Study\Project_Heima\QT从入门到实战完整版资料\day4资料\Code\CoinFlip\Debug\qrc_res.cpp(48744,1): warning C4828: 文件包含在偏移 0x3d3632 处开始的字符，该字符在当前源字符集中无效(代码页 65001)。
D:\Project\Mygithub\QT_Study\Project_Heima\QT从入门到实战完整版资料\day4资料\Code\CoinFlip\Debug\qrc_res.cpp(48744,1): warning C4828: 文件包含在偏移 0x3d3635 处开始的字符，该字符在当前源字符集中无效(代码页 65001)。
D:\Project\Mygithub\QT_Study\Project_Heima\QT从入门到实战完整版资料\day4资料\Code\CoinFlip\Debug\qrc_res.cpp(48744,1): warning C4828: 文件包含在偏移 0x3d3636 处开始的字符，该字符在当前源字符集中无效(代码页 65001)。
D:\Project\Mygithub\QT_Study\Project_Heima\QT从入门到实战完整版资料\day4资料\Code\CoinFlip\Debug\qrc_res.cpp(48744,1): warning C4828: 文件包含在偏移 0x3d363b 处开始的字符，该字符在当前源字符集中无效(代码页 65001)。
D:\Project\Mygithub\QT_Study\Project_Heima\QT从入门到实战完整版资料\day4资料\Code\CoinFlip\Debug\qrc_res.cpp(48744,1): warning C4828: 文件包含在偏移 0x3d363d 处开始的字符，该字符在当前源字符集中无效(代码页 65001)。
D:\Project\Mygithub\QT_Study\Project_Heima\QT从入门到实战完整版资料\day4资料\Code\CoinFlip\Debug\qrc_res.cpp(48744,1): warning C4828: 文件包含在偏移 0x3d363f 处开始的字符，该字符在当前源字符集中无效(代码页 65001)。
D:\Project\Mygithub\QT_Study\Project_Heima\QT从入门到实战完整版资料\day4资料\Code\CoinFlip\Debug\qrc_res.cpp(48744,1): warning C4828: 文件包含在偏移 0x3d3640 处开始的字符，该字符在当前源字符集中无效(代码页 65001)。
D:\Project\Mygithub\QT_Study\Project_Heima\QT从入门到实战完整版资料\day4资料\Code\CoinFlip\Debug\qrc_res.cpp(48744,1): warning C4828: 文件包含在偏移 0x3d3643 处开始的字符，该字符在当前源字符集中无效(代码页 65001)。
D:\Project\Mygithub\QT_Study\Project_Heima\QT从入门到实战完整版资料\day4资料\Code\CoinFlip\Debug\qrc_res.cpp(48744,1): warning C4828: 文件包含在偏移 0x3d3644 处开始的字符，该字符在当前源字符集中无效(代码页 65001)。
D:\Project\Mygithub\QT_Study\Project_Heima\QT从入门到实战完整版资料\day4资料\Code\CoinFlip\Debug\qrc_res.cpp(48744,1): warning C4828: 文件包含在偏移 0x3d364a 处开始的字符，该字符在当前源字符集中无效(代码页 65001)。
D:\Project\Mygithub\QT_Study\Project_Heima\QT从入门到实战完整版资料\day4资料\Code\CoinFlip\Debug\qrc_res.cpp(48744,1): warning C4828: 文件包含在偏移 0x3d364c 处开始的字符，该字符在当前源字符集中无效(代码页 65001)。
D:\Project\Mygithub\QT_Study\Project_Heima\QT从入门到实战完整版资料\day4资料\Code\CoinFlip\Debug\qrc_res.cpp(48744,1): warning C4828: 文件包含在偏移 0x3d364d 处开始的字符，该字符在当前源字符集中无效(代码页 65001)。
D:\Project\Mygithub\QT_Study\Project_Heima\QT从入门到实战完整版资料\day4资料\Code\CoinFlip\Debug\qrc_res.cpp(49095,1): warning C4828: 文件包含在偏移 0x3d8d74 处开始的字符，该字符在当前源字符集中无效(代码页 65001)。
D:\Project\Mygithub\QT_Study\Project_Heima\QT从入门到实战完整版资料\day4资料\Code\CoinFlip\Debug\qrc_res.cpp(49095,1): warning C4828: 文件包含在偏移 0x3d8d75 处开始的字符，该字符在当前源字符集中无效(代码页 65001)。
D:\Project\Mygithub\QT_Study\Project_Heima\QT从入门到实战完整版资料\day4资料\Code\CoinFlip\Debug\qrc_res.cpp(49095,1): warning C4828: 文件包含在偏移 0x3d8d77 处开始的字符，该字符在当前源字符集中无效(代码页 65001)。
D:\Project\Mygithub\QT_Study\Project_Heima\QT从入门到实战完整版资料\day4资料\Code\CoinFlip\Debug\qrc_res.cpp(49095,1): warning C4828: 文件包含在偏移 0x3d8d7a 处开始的字符，该字符在当前源字符集中无效(代码页 65001)。
D:\Project\Mygithub\QT_Study\Project_Heima\QT从入门到实战完整版资料\day4资料\Code\CoinFlip\Debug\qrc_res.cpp(49095,1): warning C4828: 文件包含在偏移 0x3d8d7b 处开始的字符，该字符在当前源字符集中无效(代码页 65001)。
D:\Project\Mygithub\QT_Study\Project_Heima\QT从入门到实战完整版资料\day4资料\Code\CoinFlip\Debug\qrc_res.cpp(49095,1): warning C4828: 文件包含在偏移 0x3d8d80 处开始的字符，该字符在当前源字符集中无效(代码页 65001)。
D:\Project\Mygithub\QT_Study\Project_Heima\QT从入门到实战完整版资料\day4资料\Code\CoinFlip\Debug\qrc_res.cpp(49095,1): warning C4828: 文件包含在偏移 0x3d8d82 处开始的字符，该字符在当前源字符集中无效(代码页 65001)。
D:\Project\Mygithub\QT_Study\Project_Heima\QT从入门到实战完整版资料\day4资料\Code\CoinFlip\Debug\qrc_res.cpp(49095,1): warning C4828: 文件包含在偏移 0x3d8d84 处开始的字符，该字符在当前源字符集中无效(代码页 65001)。
D:\Project\Mygithub\QT_Study\Project_Heima\QT从入门到实战完整版资料\day4资料\Code\CoinFlip\Debug\qrc_res.cpp(49095,1): warning C4828: 文件包含在偏移 0x3d8d85 处开始的字符，该字符在当前源字符集中无效(代码页 65001)。
D:\Project\Mygithub\QT_Study\Project_Heima\QT从入门到实战完整版资料\day4资料\Code\CoinFlip\Debug\qrc_res.cpp(49095,1): warning C4828: 文件包含在偏移 0x3d8d88 处开始的字符，该字符在当前源字符集中无效(代码页 65001)。
D:\Project\Mygithub\QT_Study\Project_Heima\QT从入门到实战完整版资料\day4资料\Code\CoinFlip\Debug\qrc_res.cpp(49095,1): warning C4828: 文件包含在偏移 0x3d8d89 处开始的字符，该字符在当前源字符集中无效(代码页 65001)。
D:\Project\Mygithub\QT_Study\Project_Heima\QT从入门到实战完整版资料\day4资料\Code\CoinFlip\Debug\qrc_res.cpp(49095,1): warning C4828: 文件包含在偏移 0x3d8d8f 处开始的字符，该字符在当前源字符集中无效(代码页 65001)。
D:\Project\Mygithub\QT_Study\Project_Heima\QT从入门到实战完整版资料\day4资料\Code\CoinFlip\Debug\qrc_res.cpp(49095,1): warning C4828: 文件包含在偏移 0x3d8d91 处开始的字符，该字符在当前源字符集中无效(代码页 65001)。
D:\Project\Mygithub\QT_Study\Project_Heima\QT从入门到实战完整版资料\day4资料\Code\CoinFlip\Debug\qrc_res.cpp(49095,1): warning C4828: 文件包含在偏移 0x3d8d92 处开始的字符，该字符在当前源字符集中无效(代码页 65001)。
D:\Project\Mygithub\QT_Study\Project_Heima\QT从入门到实战完整版资料\day4资料\Code\CoinFlip\Debug\qrc_res.cpp(52196,1): warning C4828: 文件包含在偏移 0x416bba 处开始的字符，该字符在当前源字符集中无效(代码页 65001)。
D:\Project\Mygithub\QT_Study\Project_Heima\QT从入门到实战完整版资料\day4资料\Code\CoinFlip\Debug\qrc_res.cpp(52196,1): warning C4828: 文件包含在偏移 0x416bbb 处开始的字符，该字符在当前源字符集中无效(代码页 65001)。
D:\Project\Mygithub\QT_Study\Project_Heima\QT从入门到实战完整版资料\day4资料\Code\CoinFlip\Debug\qrc_res.cpp(52196,1): warning C4828: 文件包含在偏移 0x416bbd 处开始的字符，该字符在当前源字符集中无效(代码页 65001)。
D:\Project\Mygithub\QT_Study\Project_Heima\QT从入门到实战完整版资料\day4资料\Code\CoinFlip\Debug\qrc_res.cpp(52196,1): warning C4828: 文件包含在偏移 0x416bc0 处开始的字符，该字符在当前源字符集中无效(代码页 65001)。
D:\Project\Mygithub\QT_Study\Project_Heima\QT从入门到实战完整版资料\day4资料\Code\CoinFlip\Debug\qrc_res.cpp(52196,1): warning C4828: 文件包含在偏移 0x416bc1 处开始的字符，该字符在当前源字符集中无效(代码页 65001)。
D:\Project\Mygithub\QT_Study\Project_Heima\QT从入门到实战完整版资料\day4资料\Code\CoinFlip\Debug\qrc_res.cpp(52196,1): warning C4828: 文件包含在偏移 0x416bc6 处开始的字符，该字符在当前源字符集中无效(代码页 65001)。
D:\Project\Mygithub\QT_Study\Project_Heima\QT从入门到实战完整版资料\day4资料\Code\CoinFlip\Debug\qrc_res.cpp(52196,1): warning C4828: 文件包含在偏移 0x416bc8 处开始的字符，该字符在当前源字符集中无效(代码页 65001)。
D:\Project\Mygithub\QT_Study\Project_Heima\QT从入门到实战完整版资料\day4资料\Code\CoinFlip\Debug\qrc_res.cpp(52196,1): warning C4828: 文件包含在偏移 0x416bca 处开始的字符，该字符在当前源字符集中无效(代码页 65001)。
D:\Project\Mygithub\QT_Study\Project_Heima\QT从入门到实战完整版资料\day4资料\Code\CoinFlip\Debug\qrc_res.cpp(52196,1): warning C4828: 文件包含在偏移 0x416bcb 处开始的字符，该字符在当前源字符集中无效(代码页 65001)。
D:\Project\Mygithub\QT_Study\Project_Heima\QT从入门到实战完整版资料\day4资料\Code\CoinFlip\Debug\qrc_res.cpp(52196,1): warning C4828: 文件包含在偏移 0x416bce 处开始的字符，该字符在当前源字符集中无效(代码页 65001)。
D:\Project\Mygithub\QT_Study\Project_Heima\QT从入门到实战完整版资料\day4资料\Code\CoinFlip\Debug\qrc_res.cpp(52196,1): warning C4828: 文件包含在偏移 0x416bcf 处开始的字符，该字符在当前源字符集中无效(代码页 65001)。
D:\Project\Mygithub\QT_Study\Project_Heima\QT从入门到实战完整版资料\day4资料\Code\CoinFlip\Debug\qrc_res.cpp(52196,1): warning C4828: 文件包含在偏移 0x416bd5 处开始的字符，该字符在当前源字符集中无效(代码页 65001)。
D:\Project\Mygithub\QT_Study\Project_Heima\QT从入门到实战完整版资料\day4资料\Code\CoinFlip\Debug\qrc_res.cpp(52196,1): warning C4828: 文件包含在偏移 0x416bd7 处开始的字符，该字符在当前源字符集中无效(代码页 65001)。
D:\Project\Mygithub\QT_Study\Project_Heima\QT从入门到实战完整版资料\day4资料\Code\CoinFlip\Debug\qrc_res.cpp(52196,1): warning C4828: 文件包含在偏移 0x416bd8 处开始的字符，该字符在当前源字符集中无效(代码页 65001)。
D:\Project\Mygithub\QT_Study\Project_Heima\QT从入门到实战完整版资料\day4资料\Code\CoinFlip\Debug\qrc_res.cpp(75656,1): warning C4828: 文件包含在偏移 0x5ef02c 处开始的字符，该字符在当前源字符集中无效(代码页 65001)。
D:\Project\Mygithub\QT_Study\Project_Heima\QT从入门到实战完整版资料\day4资料\Code\CoinFlip\Debug\qrc_res.cpp(75656,1): warning C4828: 文件包含在偏移 0x5ef02d 处开始的字符，该字符在当前源字符集中无效(代码页 65001)。
D:\Project\Mygithub\QT_Study\Project_Heima\QT从入门到实战完整版资料\day4资料\Code\CoinFlip\Debug\qrc_res.cpp(75656,1): warning C4828: 文件包含在偏移 0x5ef02f 处开始的字符，该字符在当前源字符集中无效(代码页 65001)。
D:\Project\Mygithub\QT_Study\Project_Heima\QT从入门到实战完整版资料\day4资料\Code\CoinFlip\Debug\qrc_res.cpp(75656,1): warning C4828: 文件包含在偏移 0x5ef032 处开始的字符，该字符在当前源字符集中无效(代码页 65001)。
D:\Project\Mygithub\QT_Study\Project_Heima\QT从入门到实战完整版资料\day4资料\Code\CoinFlip\Debug\qrc_res.cpp(75656,1): warning C4828: 文件包含在偏移 0x5ef033 处开始的字符，该字符在当前源字符集中无效(代码页 65001)。
D:\Project\Mygithub\QT_Study\Project_Heima\QT从入门到实战完整版资料\day4资料\Code\CoinFlip\Debug\qrc_res.cpp(75656,1): warning C4828: 文件包含在偏移 0x5ef038 处开始的字符，该字符在当前源字符集中无效(代码页 65001)。
D:\Project\Mygithub\QT_Study\Project_Heima\QT从入门到实战完整版资料\day4资料\Code\CoinFlip\Debug\qrc_res.cpp(75656,1): warning C4828: 文件包含在偏移 0x5ef03a 处开始的字符，该字符在当前源字符集中无效(代码页 65001)。
D:\Project\Mygithub\QT_Study\Project_Heima\QT从入门到实战完整版资料\day4资料\Code\CoinFlip\Debug\qrc_res.cpp(75656,1): warning C4828: 文件包含在偏移 0x5ef03c 处开始的字符，该字符在当前源字符集中无效(代码页 65001)。
D:\Project\Mygithub\QT_Study\Project_Heima\QT从入门到实战完整版资料\day4资料\Code\CoinFlip\Debug\qrc_res.cpp(75656,1): warning C4828: 文件包含在偏移 0x5ef03d 处开始的字符，该字符在当前源字符集中无效(代码页 65001)。
D:\Project\Mygithub\QT_Study\Project_Heima\QT从入门到实战完整版资料\day4资料\Code\CoinFlip\Debug\qrc_res.cpp(75656,1): warning C4828: 文件包含在偏移 0x5ef040 处开始的字符，该字符在当前源字符集中无效(代码页 65001)。
D:\Project\Mygithub\QT_Study\Project_Heima\QT从入门到实战完整版资料\day4资料\Code\CoinFlip\Debug\qrc_res.cpp(75656,1): warning C4828: 文件包含在偏移 0x5ef041 处开始的字符，该字符在当前源字符集中无效(代码页 65001)。
D:\Project\Mygithub\QT_Study\Project_Heima\QT从入门到实战完整版资料\day4资料\Code\CoinFlip\Debug\qrc_res.cpp(75656,1): warning C4828: 文件包含在偏移 0x5ef047 处开始的字符，该字符在当前源字符集中无效(代码页 65001)。
D:\Project\Mygithub\QT_Study\Project_Heima\QT从入门到实战完整版资料\day4资料\Code\CoinFlip\Debug\qrc_res.cpp(75656,1): warning C4828: 文件包含在偏移 0x5ef049 处开始的字符，该字符在当前源字符集中无效(代码页 65001)。
D:\Project\Mygithub\QT_Study\Project_Heima\QT从入门到实战完整版资料\day4资料\Code\CoinFlip\Debug\qrc_res.cpp(75656,1): warning C4828: 文件包含在偏移 0x5ef04a 处开始的字符，该字符在当前源字符集中无效(代码页 65001)。
D:\Project\Mygithub\QT_Study\Project_Heima\QT从入门到实战完整版资料\day4资料\Code\CoinFlip\Debug\qrc_res.cpp(76685,1): warning C4828: 文件包含在偏移 0x607fc1 处开始的字符，该字符在当前源字符集中无效(代码页 65001)。
D:\Project\Mygithub\QT_Study\Project_Heima\QT从入门到实战完整版资料\day4资料\Code\CoinFlip\Debug\qrc_res.cpp(76685,1): warning C4828: 文件包含在偏移 0x607fc2 处开始的字符，该字符在当前源字符集中无效(代码页 65001)。
D:\Project\Mygithub\QT_Study\Project_Heima\QT从入门到实战完整版资料\day4资料\Code\CoinFlip\Debug\qrc_res.cpp(76685,1): warning C4828: 文件包含在偏移 0x607fc4 处开始的字符，该字符在当前源字符集中无效(代码页 65001)。
D:\Project\Mygithub\QT_Study\Project_Heima\QT从入门到实战完整版资料\day4资料\Code\CoinFlip\Debug\qrc_res.cpp(76685,1): warning C4828: 文件包含在偏移 0x607fc7 处开始的字符，该字符在当前源字符集中无效(代码页 65001)。
D:\Project\Mygithub\QT_Study\Project_Heima\QT从入门到实战完整版资料\day4资料\Code\CoinFlip\Debug\qrc_res.cpp(76685,1): warning C4828: 文件包含在偏移 0x607fc8 处开始的字符，该字符在当前源字符集中无效(代码页 65001)。
D:\Project\Mygithub\QT_Study\Project_Heima\QT从入门到实战完整版资料\day4资料\Code\CoinFlip\Debug\qrc_res.cpp(76685,1): warning C4828: 文件包含在偏移 0x607fcd 处开始的字符，该字符在当前源字符集中无效(代码页 65001)。
D:\Project\Mygithub\QT_Study\Project_Heima\QT从入门到实战完整版资料\day4资料\Code\CoinFlip\Debug\qrc_res.cpp(76685,1): warning C4828: 文件包含在偏移 0x607fcf 处开始的字符，该字符在当前源字符集中无效(代码页 65001)。
D:\Project\Mygithub\QT_Study\Project_Heima\QT从入门到实战完整版资料\day4资料\Code\CoinFlip\Debug\qrc_res.cpp(76685,1): warning C4828: 文件包含在偏移 0x607fd1 处开始的字符，该字符在当前源字符集中无效(代码页 65001)。
D:\Project\Mygithub\QT_Study\Project_Heima\QT从入门到实战完整版资料\day4资料\Code\CoinFlip\Debug\qrc_res.cpp(76685,1): warning C4828: 文件包含在偏移 0x607fd2 处开始的字符，该字符在当前源字符集中无效(代码页 65001)。
D:\Project\Mygithub\QT_Study\Project_Heima\QT从入门到实战完整版资料\day4资料\Code\CoinFlip\Debug\qrc_res.cpp(76685,1): warning C4828: 文件包含在偏移 0x607fd5 处开始的字符，该字符在当前源字符集中无效(代码页 65001)。
D:\Project\Mygithub\QT_Study\Project_Heima\QT从入门到实战完整版资料\day4资料\Code\CoinFlip\Debug\qrc_res.cpp(76685,1): warning C4828: 文件包含在偏移 0x607fd6 处开始的字符，该字符在当前源字符集中无效(代码页 65001)。
D:\Project\Mygithub\QT_Study\Project_Heima\QT从入门到实战完整版资料\day4资料\Code\CoinFlip\Debug\qrc_res.cpp(76685,1): warning C4828: 文件包含在偏移 0x607fdc 处开始的字符，该字符在当前源字符集中无效(代码页 65001)。
D:\Project\Mygithub\QT_Study\Project_Heima\QT从入门到实战完整版资料\day4资料\Code\CoinFlip\Debug\qrc_res.cpp(76685,1): warning C4828: 文件包含在偏移 0x607fde 处开始的字符，该字符在当前源字符集中无效(代码页 65001)。
D:\Project\Mygithub\QT_Study\Project_Heima\QT从入门到实战完整版资料\day4资料\Code\CoinFlip\Debug\qrc_res.cpp(76685,1): warning C4828: 文件包含在偏移 0x607fdf 处开始的字符，该字符在当前源字符集中无效(代码页 65001)。
D:\Project\Mygithub\QT_Study\Project_Heima\QT从入门到实战完整版资料\day4资料\Code\CoinFlip\Debug\qrc_res.cpp(100503,1): warning C4828: 文件包含在偏移 0x7e8f03 处开始的字符，该字符在当前源字符集中无效(代码页 65001)。
D:\Project\Mygithub\QT_Study\Project_Heima\QT从入门到实战完整版资料\day4资料\Code\CoinFlip\Debug\qrc_res.cpp(100503,1): warning C4828: 文件包含在偏移 0x7e8f04 处开始的字符，该字符在当前源字符集中无效(代码页 65001)。
D:\Project\Mygithub\QT_Study\Project_Heima\QT从入门到实战完整版资料\day4资料\Code\CoinFlip\Debug\qrc_res.cpp(100503,1): warning C4828: 文件包含在偏移 0x7e8f06 处开始的字符，该字符在当前源字符集中无效(代码页 65001)。
D:\Project\Mygithub\QT_Study\Project_Heima\QT从入门到实战完整版资料\day4资料\Code\CoinFlip\Debug\qrc_res.cpp(100503,1): warning C4828: 文件包含在偏移 0x7e8f09 处开始的字符，该字符在当前源字符集中无效(代码页 65001)。
D:\Project\Mygithub\QT_Study\Project_Heima\QT从入门到实战完整版资料\day4资料\Code\CoinFlip\Debug\qrc_res.cpp(100503,1): warning C4828: 文件包含在偏移 0x7e8f0a 处开始的字符，该字符在当前源字符集中无效(代码页 65001)。
D:\Project\Mygithub\QT_Study\Project_Heima\QT从入门到实战完整版资料\day4资料\Code\CoinFlip\Debug\qrc_res.cpp(100503,1): warning C4828: 文件包含在偏移 0x7e8f0f 处开始的字符，该字符在当前源字符集中无效(代码页 65001)。
D:\Project\Mygithub\QT_Study\Project_Heima\QT从入门到实战完整版资料\day4资料\Code\CoinFlip\Debug\qrc_res.cpp(100503,1): warning C4828: 文件包含在偏移 0x7e8f11 处开始的字符，该字符在当前源字符集中无效(代码页 65001)。
D:\Project\Mygithub\QT_Study\Project_Heima\QT从入门到实战完整版资料\day4资料\Code\CoinFlip\Debug\qrc_res.cpp(100503,1): warning C4828: 文件包含在偏移 0x7e8f13 处开始的字符，该字符在当前源字符集中无效(代码页 65001)。
D:\Project\Mygithub\QT_Study\Project_Heima\QT从入门到实战完整版资料\day4资料\Code\CoinFlip\Debug\qrc_res.cpp(100503,1): warning C4828: 文件包含在偏移 0x7e8f14 处开始的字符，该字符在当前源字符集中无效(代码页 65001)。
D:\Project\Mygithub\QT_Study\Project_Heima\QT从入门到实战完整版资料\day4资料\Code\CoinFlip\Debug\qrc_res.cpp(100503,1): warning C4828: 文件包含在偏移 0x7e8f17 处开始的字符，该字符在当前源字符集中无效(代码页 65001)。
D:\Project\Mygithub\QT_Study\Project_Heima\QT从入门到实战完整版资料\day4资料\Code\CoinFlip\Debug\qrc_res.cpp(100503,1): warning C4828: 文件包含在偏移 0x7e8f18 处开始的字符，该字符在当前源字符集中无效(代码页 65001)。
D:\Project\Mygithub\QT_Study\Project_Heima\QT从入门到实战完整版资料\day4资料\Code\CoinFlip\Debug\qrc_res.cpp(100503,1): warning C4828: 文件包含在偏移 0x7e8f1e 处开始的字符，该字符在当前源字符集中无效(代码页 65001)。
D:\Project\Mygithub\QT_Study\Project_Heima\QT从入门到实战完整版资料\day4资料\Code\CoinFlip\Debug\qrc_res.cpp(100503,1): warning C4828: 文件包含在偏移 0x7e8f20 处开始的字符，该字符在当前源字符集中无效(代码页 65001)。
D:\Project\Mygithub\QT_Study\Project_Heima\QT从入门到实战完整版资料\day4资料\Code\CoinFlip\Debug\qrc_res.cpp(100503,1): warning C4828: 文件包含在偏移 0x7e8f21 处开始的字符，该字符在当前源字符集中无效(代码页 65001)。
D:\Project\Mygithub\QT_Study\Project_Heima\QT从入门到实战完整版资料\day4资料\Code\CoinFlip\Debug\qrc_res.cpp(102918,1): warning C4828: 文件包含在偏移 0x818c9e 处开始的字符，该字符在当前源字符集中无效(代码页 65001)。
D:\Project\Mygithub\QT_Study\Project_Heima\QT从入门到实战完整版资料\day4资料\Code\CoinFlip\Debug\qrc_res.cpp(102918,1): warning C4828: 文件包含在偏移 0x818c9f 处开始的字符，该字符在当前源字符集中无效(代码页 65001)。
D:\Project\Mygithub\QT_Study\Project_Heima\QT从入门到实战完整版资料\day4资料\Code\CoinFlip\Debug\qrc_res.cpp(102918,1): warning C4828: 文件包含在偏移 0x818ca1 处开始的字符，该字符在当前源字符集中无效(代码页 65001)。
D:\Project\Mygithub\QT_Study\Project_Heima\QT从入门到实战完整版资料\day4资料\Code\CoinFlip\Debug\qrc_res.cpp(102918,1): warning C4828: 文件包含在偏移 0x818ca4 处开始的字符，该字符在当前源字符集中无效(代码页 65001)。
D:\Project\Mygithub\QT_Study\Project_Heima\QT从入门到实战完整版资料\day4资料\Code\CoinFlip\Debug\qrc_res.cpp(102918,1): warning C4828: 文件包含在偏移 0x818ca5 处开始的字符，该字符在当前源字符集中无效(代码页 65001)。
D:\Project\Mygithub\QT_Study\Project_Heima\QT从入门到实战完整版资料\day4资料\Code\CoinFlip\Debug\qrc_res.cpp(102918,1): warning C4828: 文件包含在偏移 0x818caa 处开始的字符，该字符在当前源字符集中无效(代码页 65001)。
D:\Project\Mygithub\QT_Study\Project_Heima\QT从入门到实战完整版资料\day4资料\Code\CoinFlip\Debug\qrc_res.cpp(102918,1): warning C4828: 文件包含在偏移 0x818cac 处开始的字符，该字符在当前源字符集中无效(代码页 65001)。
D:\Project\Mygithub\QT_Study\Project_Heima\QT从入门到实战完整版资料\day4资料\Code\CoinFlip\Debug\qrc_res.cpp(102918,1): warning C4828: 文件包含在偏移 0x818cae 处开始的字符，该字符在当前源字符集中无效(代码页 65001)。
D:\Project\Mygithub\QT_Study\Project_Heima\QT从入门到实战完整版资料\day4资料\Code\CoinFlip\Debug\qrc_res.cpp(102918,1): warning C4828: 文件包含在偏移 0x818caf 处开始的字符，该字符在当前源字符集中无效(代码页 65001)。
D:\Project\Mygithub\QT_Study\Project_Heima\QT从入门到实战完整版资料\day4资料\Code\CoinFlip\Debug\qrc_res.cpp(102918,1): warning C4828: 文件包含在偏移 0x818cb2 处开始的字符，该字符在当前源字符集中无效(代码页 65001)。
D:\Project\Mygithub\QT_Study\Project_Heima\QT从入门到实战完整版资料\day4资料\Code\CoinFlip\Debug\qrc_res.cpp(102918,1): warning C4828: 文件包含在偏移 0x818cb3 处开始的字符，该字符在当前源字符集中无效(代码页 65001)。
D:\Project\Mygithub\QT_Study\Project_Heima\QT从入门到实战完整版资料\day4资料\Code\CoinFlip\Debug\qrc_res.cpp(102918,1): warning C4828: 文件包含在偏移 0x818cb9 处开始的字符，该字符在当前源字符集中无效(代码页 65001)。
D:\Project\Mygithub\QT_Study\Project_Heima\QT从入门到实战完整版资料\day4资料\Code\CoinFlip\Debug\qrc_res.cpp(102918,1): warning C4828: 文件包含在偏移 0x818cbb 处开始的字符，该字符在当前源字符集中无效(代码页 65001)。
D:\Project\Mygithub\QT_Study\Project_Heima\QT从入门到实战完整版资料\day4资料\Code\CoinFlip\Debug\qrc_res.cpp(102918,1): warning C4828: 文件包含在偏移 0x818cbc 处开始的字符，该字符在当前源字符集中无效(代码页 65001)。
D:\Project\Mygithub\QT_Study\Project_Heima\QT从入门到实战完整版资料\day4资料\Code\CoinFlip\Debug\qrc_res.cpp(104008,1): warning C4828: 文件包含在偏移 0x831288 处开始的字符，该字符在当前源字符集中无效(代码页 65001)。
D:\Project\Mygithub\QT_Study\Project_Heima\QT从入门到实战完整版资料\day4资料\Code\CoinFlip\Debug\qrc_res.cpp(104008,1): warning C4828: 文件包含在偏移 0x831289 处开始的字符，该字符在当前源字符集中无效(代码页 65001)。
D:\Project\Mygithub\QT_Study\Project_Heima\QT从入门到实战完整版资料\day4资料\Code\CoinFlip\Debug\qrc_res.cpp(104008,1): warning C4828: 文件包含在偏移 0x83128b 处开始的字符，该字符在当前源字符集中无效(代码页 65001)。
D:\Project\Mygithub\QT_Study\Project_Heima\QT从入门到实战完整版资料\day4资料\Code\CoinFlip\Debug\qrc_res.cpp(104008,1): warning C4828: 文件包含在偏移 0x83128e 处开始的字符，该字符在当前源字符集中无效(代码页 65001)。
D:\Project\Mygithub\QT_Study\Project_Heima\QT从入门到实战完整版资料\day4资料\Code\CoinFlip\Debug\qrc_res.cpp(104008,1): warning C4828: 文件包含在偏移 0x83128f 处开始的字符，该字符在当前源字符集中无效(代码页 65001)。
D:\Project\Mygithub\QT_Study\Project_Heima\QT从入门到实战完整版资料\day4资料\Code\CoinFlip\Debug\qrc_res.cpp(104008,1): warning C4828: 文件包含在偏移 0x831294 处开始的字符，该字符在当前源字符集中无效(代码页 65001)。
D:\Project\Mygithub\QT_Study\Project_Heima\QT从入门到实战完整版资料\day4资料\Code\CoinFlip\Debug\qrc_res.cpp(104008,1): warning C4828: 文件包含在偏移 0x831296 处开始的字符，该字符在当前源字符集中无效(代码页 65001)。
D:\Project\Mygithub\QT_Study\Project_Heima\QT从入门到实战完整版资料\day4资料\Code\CoinFlip\Debug\qrc_res.cpp(104008,1): warning C4828: 文件包含在偏移 0x831298 处开始的字符，该字符在当前源字符集中无效(代码页 65001)。
D:\Project\Mygithub\QT_Study\Project_Heima\QT从入门到实战完整版资料\day4资料\Code\CoinFlip\Debug\qrc_res.cpp(104008,1): warning C4828: 文件包含在偏移 0x831299 处开始的字符，该字符在当前源字符集中无效(代码页 65001)。
D:\Project\Mygithub\QT_Study\Project_Heima\QT从入门到实战完整版资料\day4资料\Code\CoinFlip\Debug\qrc_res.cpp(104008,1): warning C4828: 文件包含在偏移 0x83129c 处开始的字符，该字符在当前源字符集中无效(代码页 65001)。
D:\Project\Mygithub\QT_Study\Project_Heima\QT从入门到实战完整版资料\day4资料\Code\CoinFlip\Debug\qrc_res.cpp(104008,1): warning C4828: 文件包含在偏移 0x83129d 处开始的字符，该字符在当前源字符集中无效(代码页 65001)。
D:\Project\Mygithub\QT_Study\Project_Heima\QT从入门到实战完整版资料\day4资料\Code\CoinFlip\Debug\qrc_res.cpp(104008,1): warning C4828: 文件包含在偏移 0x8312a3 处开始的字符，该字符在当前源字符集中无效(代码页 65001)。
D:\Project\Mygithub\QT_Study\Project_Heima\QT从入门到实战完整版资料\day4资料\Code\CoinFlip\Debug\qrc_res.cpp(104008,1): warning C4828: 文件包含在偏移 0x8312a5 处开始的字符，该字符在当前源字符集中无效(代码页 65001)。
D:\Project\Mygithub\QT_Study\Project_Heima\QT从入门到实战完整版资料\day4资料\Code\CoinFlip\Debug\qrc_res.cpp(104008,1): warning C4828: 文件包含在偏移 0x8312a6 处开始的字符，该字符在当前源字符集中无效(代码页 65001)。
D:\Project\Mygithub\QT_Study\Project_Heima\QT从入门到实战完整版资料\day4资料\Code\CoinFlip\Debug\qrc_res.cpp(105411,1): warning C4828: 文件包含在偏移 0x84b97d 处开始的字符，该字符在当前源字符集中无效(代码页 65001)。
D:\Project\Mygithub\QT_Study\Project_Heima\QT从入门到实战完整版资料\day4资料\Code\CoinFlip\Debug\qrc_res.cpp(105411,1): warning C4828: 文件包含在偏移 0x84b97e 处开始的字符，该字符在当前源字符集中无效(代码页 65001)。
D:\Project\Mygithub\QT_Study\Project_Heima\QT从入门到实战完整版资料\day4资料\Code\CoinFlip\Debug\qrc_res.cpp(105411,1): warning C4828: 文件包含在偏移 0x84b980 处开始的字符，该字符在当前源字符集中无效(代码页 65001)。
D:\Project\Mygithub\QT_Study\Project_Heima\QT从入门到实战完整版资料\day4资料\Code\CoinFlip\Debug\qrc_res.cpp(105411,1): warning C4828: 文件包含在偏移 0x84b983 处开始的字符，该字符在当前源字符集中无效(代码页 65001)。
D:\Project\Mygithub\QT_Study\Project_Heima\QT从入门到实战完整版资料\day4资料\Code\CoinFlip\Debug\qrc_res.cpp(105411,1): warning C4828: 文件包含在偏移 0x84b984 处开始的字符，该字符在当前源字符集中无效(代码页 65001)。
D:\Project\Mygithub\QT_Study\Project_Heima\QT从入门到实战完整版资料\day4资料\Code\CoinFlip\Debug\qrc_res.cpp(105411,1): warning C4828: 文件包含在偏移 0x84b989 处开始的字符，该字符在当前源字符集中无效(代码页 65001)。
D:\Project\Mygithub\QT_Study\Project_Heima\QT从入门到实战完整版资料\day4资料\Code\CoinFlip\Debug\qrc_res.cpp(105411,1): warning C4828: 文件包含在偏移 0x84b98b 处开始的字符，该字符在当前源字符集中无效(代码页 65001)。
D:\Project\Mygithub\QT_Study\Project_Heima\QT从入门到实战完整版资料\day4资料\Code\CoinFlip\Debug\qrc_res.cpp(105411,1): warning C4828: 文件包含在偏移 0x84b98d 处开始的字符，该字符在当前源字符集中无效(代码页 65001)。
D:\Project\Mygithub\QT_Study\Project_Heima\QT从入门到实战完整版资料\day4资料\Code\CoinFlip\Debug\qrc_res.cpp(105411,1): warning C4828: 文件包含在偏移 0x84b98e 处开始的字符，该字符在当前源字符集中无效(代码页 65001)。
D:\Project\Mygithub\QT_Study\Project_Heima\QT从入门到实战完整版资料\day4资料\Code\CoinFlip\Debug\qrc_res.cpp(105411,1): warning C4828: 文件包含在偏移 0x84b991 处开始的字符，该字符在当前源字符集中无效(代码页 65001)。
D:\Project\Mygithub\QT_Study\Project_Heima\QT从入门到实战完整版资料\day4资料\Code\CoinFlip\Debug\qrc_res.cpp(105411,1): warning C4828: 文件包含在偏移 0x84b992 处开始的字符，该字符在当前源字符集中无效(代码页 65001)。
D:\Project\Mygithub\QT_Study\Project_Heima\QT从入门到实战完整版资料\day4资料\Code\CoinFlip\Debug\qrc_res.cpp(105411,1): warning C4828: 文件包含在偏移 0x84b998 处开始的字符，该字符在当前源字符集中无效(代码页 65001)。
D:\Project\Mygithub\QT_Study\Project_Heima\QT从入门到实战完整版资料\day4资料\Code\CoinFlip\Debug\qrc_res.cpp(105411,1): warning C4828: 文件包含在偏移 0x84b99a 处开始的字符，该字符在当前源字符集中无效(代码页 65001)。
D:\Project\Mygithub\QT_Study\Project_Heima\QT从入门到实战完整版资料\day4资料\Code\CoinFlip\Debug\qrc_res.cpp(105411,1): warning C4828: 文件包含在偏移 0x84b99b 处开始的字符，该字符在当前源字符集中无效(代码页 65001)。
D:\Project\Mygithub\QT_Study\Project_Heima\QT从入门到实战完整版资料\day4资料\Code\CoinFlip\Debug\qrc_res.cpp(106786,1): warning C4828: 文件包含在偏移 0x868d38 处开始的字符，该字符在当前源字符集中无效(代码页 65001)。
D:\Project\Mygithub\QT_Study\Project_Heima\QT从入门到实战完整版资料\day4资料\Code\CoinFlip\Debug\qrc_res.cpp(106786,1): warning C4828: 文件包含在偏移 0x868d39 处开始的字符，该字符在当前源字符集中无效(代码页 65001)。
D:\Project\Mygithub\QT_Study\Project_Heima\QT从入门到实战完整版资料\day4资料\Code\CoinFlip\Debug\qrc_res.cpp(106786,1): warning C4828: 文件包含在偏移 0x868d3b 处开始的字符，该字符在当前源字符集中无效(代码页 65001)。
D:\Project\Mygithub\QT_Study\Project_Heima\QT从入门到实战完整版资料\day4资料\Code\CoinFlip\Debug\qrc_res.cpp(106786,1): warning C4828: 文件包含在偏移 0x868d3e 处开始的字符，该字符在当前源字符集中无效(代码页 65001)。
D:\Project\Mygithub\QT_Study\Project_Heima\QT从入门到实战完整版资料\day4资料\Code\CoinFlip\Debug\qrc_res.cpp(106786,1): warning C4828: 文件包含在偏移 0x868d3f 处开始的字符，该字符在当前源字符集中无效(代码页 65001)。
D:\Project\Mygithub\QT_Study\Project_Heima\QT从入门到实战完整版资料\day4资料\Code\CoinFlip\Debug\qrc_res.cpp(106786,1): warning C4828: 文件包含在偏移 0x868d44 处开始的字符，该字符在当前源字符集中无效(代码页 65001)。
D:\Project\Mygithub\QT_Study\Project_Heima\QT从入门到实战完整版资料\day4资料\Code\CoinFlip\Debug\qrc_res.cpp(106786,1): warning C4828: 文件包含在偏移 0x868d46 处开始的字符，该字符在当前源字符集中无效(代码页 65001)。
D:\Project\Mygithub\QT_Study\Project_Heima\QT从入门到实战完整版资料\day4资料\Code\CoinFlip\Debug\qrc_res.cpp(106786,1): warning C4828: 文件包含在偏移 0x868d48 处开始的字符，该字符在当前源字符集中无效(代码页 65001)。
D:\Project\Mygithub\QT_Study\Project_Heima\QT从入门到实战完整版资料\day4资料\Code\CoinFlip\Debug\qrc_res.cpp(106786,1): warning C4828: 文件包含在偏移 0x868d49 处开始的字符，该字符在当前源字符集中无效(代码页 65001)。
D:\Project\Mygithub\QT_Study\Project_Heima\QT从入门到实战完整版资料\day4资料\Code\CoinFlip\Debug\qrc_res.cpp(106786,1): warning C4828: 文件包含在偏移 0x868d4c 处开始的字符，该字符在当前源字符集中无效(代码页 65001)。
D:\Project\Mygithub\QT_Study\Project_Heima\QT从入门到实战完整版资料\day4资料\Code\CoinFlip\Debug\qrc_res.cpp(106786,1): warning C4828: 文件包含在偏移 0x868d4d 处开始的字符，该字符在当前源字符集中无效(代码页 65001)。
D:\Project\Mygithub\QT_Study\Project_Heima\QT从入门到实战完整版资料\day4资料\Code\CoinFlip\Debug\qrc_res.cpp(106786,1): warning C4828: 文件包含在偏移 0x868d53 处开始的字符，该字符在当前源字符集中无效(代码页 65001)。
D:\Project\Mygithub\QT_Study\Project_Heima\QT从入门到实战完整版资料\day4资料\Code\CoinFlip\Debug\qrc_res.cpp(106786,1): warning C4828: 文件包含在偏移 0x868d55 处开始的字符，该字符在当前源字符集中无效(代码页 65001)。
D:\Project\Mygithub\QT_Study\Project_Heima\QT从入门到实战完整版资料\day4资料\Code\CoinFlip\Debug\qrc_res.cpp(106786,1): warning C4828: 文件包含在偏移 0x868d56 处开始的字符，该字符在当前源字符集中无效(代码页 65001)。
D:\Project\Mygithub\QT_Study\Project_Heima\QT从入门到实战完整版资料\day4资料\Code\CoinFlip\Debug\qrc_res.cpp(108607,1): warning C4828: 文件包含在偏移 0x888a5f 处开始的字符，该字符在当前源字符集中无效(代码页 65001)。
D:\Project\Mygithub\QT_Study\Project_Heima\QT从入门到实战完整版资料\day4资料\Code\CoinFlip\Debug\qrc_res.cpp(108607,1): warning C4828: 文件包含在偏移 0x888a60 处开始的字符，该字符在当前源字符集中无效(代码页 65001)。
D:\Project\Mygithub\QT_Study\Project_Heima\QT从入门到实战完整版资料\day4资料\Code\CoinFlip\Debug\qrc_res.cpp(108607,1): warning C4828: 文件包含在偏移 0x888a62 处开始的字符，该字符在当前源字符集中无效(代码页 65001)。
D:\Project\Mygithub\QT_Study\Project_Heima\QT从入门到实战完整版资料\day4资料\Code\CoinFlip\Debug\qrc_res.cpp(108607,1): warning C4828: 文件包含在偏移 0x888a65 处开始的字符，该字符在当前源字符集中无效(代码页 65001)。
D:\Project\Mygithub\QT_Study\Project_Heima\QT从入门到实战完整版资料\day4资料\Code\CoinFlip\Debug\qrc_res.cpp(108607,1): warning C4828: 文件包含在偏移 0x888a66 处开始的字符，该字符在当前源字符集中无效(代码页 65001)。
D:\Project\Mygithub\QT_Study\Project_Heima\QT从入门到实战完整版资料\day4资料\Code\CoinFlip\Debug\qrc_res.cpp(108607,1): warning C4828: 文件包含在偏移 0x888a6b 处开始的字符，该字符在当前源字符集中无效(代码页 65001)。
D:\Project\Mygithub\QT_Study\Project_Heima\QT从入门到实战完整版资料\day4资料\Code\CoinFlip\Debug\qrc_res.cpp(108607,1): warning C4828: 文件包含在偏移 0x888a6d 处开始的字符，该字符在当前源字符集中无效(代码页 65001)。
D:\Project\Mygithub\QT_Study\Project_Heima\QT从入门到实战完整版资料\day4资料\Code\CoinFlip\Debug\qrc_res.cpp(108607,1): warning C4828: 文件包含在偏移 0x888a6f 处开始的字符，该字符在当前源字符集中无效(代码页 65001)。
D:\Project\Mygithub\QT_Study\Project_Heima\QT从入门到实战完整版资料\day4资料\Code\CoinFlip\Debug\qrc_res.cpp(108607,1): warning C4828: 文件包含在偏移 0x888a70 处开始的字符，该字符在当前源字符集中无效(代码页 65001)。
D:\Project\Mygithub\QT_Study\Project_Heima\QT从入门到实战完整版资料\day4资料\Code\CoinFlip\Debug\qrc_res.cpp(108607,1): warning C4828: 文件包含在偏移 0x888a73 处开始的字符，该字符在当前源字符集中无效(代码页 65001)。
D:\Project\Mygithub\QT_Study\Project_Heima\QT从入门到实战完整版资料\day4资料\Code\CoinFlip\Debug\qrc_res.cpp(108607,1): warning C4828: 文件包含在偏移 0x888a74 处开始的字符，该字符在当前源字符集中无效(代码页 65001)。
D:\Project\Mygithub\QT_Study\Project_Heima\QT从入门到实战完整版资料\day4资料\Code\CoinFlip\Debug\qrc_res.cpp(108607,1): warning C4828: 文件包含在偏移 0x888a7a 处开始的字符，该字符在当前源字符集中无效(代码页 65001)。
D:\Project\Mygithub\QT_Study\Project_Heima\QT从入门到实战完整版资料\day4资料\Code\CoinFlip\Debug\qrc_res.cpp(108607,1): warning C4828: 文件包含在偏移 0x888a7c 处开始的字符，该字符在当前源字符集中无效(代码页 65001)。
D:\Project\Mygithub\QT_Study\Project_Heima\QT从入门到实战完整版资料\day4资料\Code\CoinFlip\Debug\qrc_res.cpp(108607,1): warning C4828: 文件包含在偏移 0x888a7d 处开始的字符，该字符在当前源字符集中无效(代码页 65001)。
  moc_chooselevelscene.cpp
  moc_mainscene.cpp
  moc_mypushbutton.cpp
  moc_playscene.cpp
  CoinFlip.vcxproj -> D:\Project\Mygithub\QT_Study\Project_Heima\QT从入门到实战完整版资料\day4资料\Code\CoinFlip\debug\CoinFlip.exe
