   Qt/MSBuild: 3.4.0.1
   Qt: 6.9.0
  qjson.cpp
  qnetwork.cpp
  layer.cpp
  liveeditor.cpp
D:\Project\Mygithub\QT_Study\Project_Company\Compass\liveeditor.h(24,34): warning C4100: 'event': 未引用的参数
  (编译源文件“liveeditor.cpp”)
  
  main.cpp
D:\Project\Mygithub\QT_Study\Project_Company\Compass\liveeditor.h(24,34): warning C4100: 'event': 未引用的参数
  (编译源文件“layer.cpp”)
  
  mediapanel.cpp
D:\Project\Mygithub\QT_Study\Project_Company\Compass\layer.h(47,36): warning C4100: 'event': 未引用的参数
  (编译源文件“liveeditor.cpp”)
  
D:\Project\Mygithub\QT_Study\Project_Company\Compass\layer.h(47,36): warning C4100: 'event': 未引用的参数
  (编译源文件“layer.cpp”)
  
  opendlg.cpp
  outputpanel.cpp
D:\Project\Mygithub\QT_Study\Project_Company\Compass\liveeditor.h(24,34): warning C4100: 'event': 未引用的参数
  (编译源文件“main.cpp”)
  
D:\Project\Mygithub\QT_Study\Project_Company\Compass\liveeditor.h(24,34): warning C4100: 'event': 未引用的参数
  (编译源文件“mediapanel.cpp”)
  
D:\Project\Mygithub\QT_Study\Project_Company\Compass\mediapanel.cpp(112,72): warning C4100: 'text': 未引用的参数
  planpanel.cpp
D:\Project\Mygithub\QT_Study\Project_Company\Compass\liveeditor.h(24,34): warning C4100: 'event': 未引用的参数
  (编译源文件“opendlg.cpp”)
  
D:\Project\Mygithub\QT_Study\Project_Company\Compass\liveeditor.h(24,34): warning C4100: 'event': 未引用的参数
  (编译源文件“outputpanel.cpp”)
  
D:\Project\Mygithub\QT_Study\Project_Company\Compass\opendlg.cpp(47,65): warning C4100: 'pageDir': 未引用的参数
D:\Project\Mygithub\QT_Study\Project_Company\Compass\opendlg.cpp(47,44): warning C4100: 'attr': 未引用的参数
  progresspanel.cpp
D:\Project\Mygithub\QT_Study\Project_Company\Compass\layer.h(47,36): warning C4100: 'event': 未引用的参数
  (编译源文件“outputpanel.cpp”)
  
D:\Project\Mygithub\QT_Study\Project_Company\Compass\liveeditor.h(24,34): warning C4100: 'event': 未引用的参数
  (编译源文件“planpanel.cpp”)
  
D:\Project\Mygithub\QT_Study\Project_Company\Compass\layer.h(47,36): warning C4100: 'event': 未引用的参数
  (编译源文件“planpanel.cpp”)
  
D:\Project\Mygithub\QT_Study\Project_Company\Compass\planpanel.cpp(148,89): warning C4100: 'widget': 未引用的参数
D:\Project\Mygithub\QT_Study\Project_Company\Compass\planpanel.cpp(148,72): warning C4100: 'option': 未引用的参数
D:\Project\Mygithub\QT_Study\Project_Company\Compass\liveeditor.h(24,34): warning C4100: 'event': 未引用的参数
  (编译源文件“progresspanel.cpp”)
  
D:\Project\Mygithub\QT_Study\Project_Company\Compass\layer.h(47,36): warning C4100: 'event': 未引用的参数
  (编译源文件“progresspanel.cpp”)
  
  moc_layer.cpp
  moc_opendlg.cpp
  moc_qnetwork.cpp
D:\Project\Mygithub\QT_Study\Project_Company\Compass\liveeditor.h(24,34): warning C4100: 'event': 未引用的参数
  (编译源文件“moc_layer.cpp”)
  
D:\Project\Mygithub\QT_Study\Project_Company\Compass\layer.h(47,36): warning C4100: 'event': 未引用的参数
  (编译源文件“moc_layer.cpp”)
  
  Compass.vcxproj -> D:\Project\Mygithub\QT_Study\Project_Company\Compass\Compass.exe
